#
# A fatal error has been detected by the Java Runtime Environment:
#
#  EXCEPTION_ACCESS_VIOLATION (0xc0000005) at pc=0x00007ffbff38e0b0, pid=2844, tid=5484
#
# JRE version: OpenJDK Runtime Environment Temurin-21.0.8+9 (21.0.8+9) (build 21.0.8+9-LTS)
# Java VM: OpenJDK 64-Bit Server VM Temurin-21.0.8+9 (21.0.8+9-LTS, mixed mode, sharing, tiered, compressed oops, compressed class ptrs, parallel gc, windows-amd64)
# Problematic frame:
# V  [jvm.dll+0x3be0b0]
#
# No core dump will be written. Minidumps are not enabled by default on client versions of Windows
#
# If you would like to submit a bug report, please visit:
#   https://github.com/adoptium/adoptium-support/issues
#

---------------  S U M M A R Y ------------

Command Line: --add-modules=ALL-SYSTEM --add-opens=java.base/java.util=ALL-UNNAMED --add-opens=java.base/java.lang=ALL-UNNAMED --add-opens=java.base/sun.nio.fs=ALL-UNNAMED -Declipse.application=org.eclipse.jdt.ls.core.id1 -Dosgi.bundles.defaultStartLevel=4 -Declipse.product=org.eclipse.jdt.ls.core.product -Djava.import.generatesMetadataFilesAtProjectRoot=false -DDetectVMInstallationsJob.disabled=true -Dfile.encoding=utf8 -XX:+UseParallelGC -XX:GCTimeRatio=4 -XX:AdaptiveSizePolicyWeight=90 -Dsun.zip.disableMemoryMapping=true -Xmx2G -Xms100m -Xlog:disable -javaagent:c:\Users\DELL\.vscode\extensions\redhat.java-1.44.0-win32-x64\lombok\lombok-1.18.39-4050.jar -XX:+HeapDumpOnOutOfMemoryError -XX:HeapDumpPath=c:\Users\DELL\AppData\Roaming\Code\User\workspaceStorage\7ed7fe07ea53f014faa6642c26caba64\redhat.java -Daether.dependencyCollector.impl=bf c:\Users\DELL\.vscode\extensions\redhat.java-1.44.0-win32-x64\server\plugins\org.eclipse.equinox.launcher_1.7.0.v20250519-0528.jar -configuration c:\Users\DELL\AppData\Roaming\Code\User\globalStorage\redhat.java\1.44.0\config_win -data c:\Users\DELL\AppData\Roaming\Code\User\workspaceStorage\7ed7fe07ea53f014faa6642c26caba64\redhat.java\jdt_ws --pipe=\\.\pipe\lsp-c6cd5034269a1e9490e745476bfda72c-sock

Host: 12th Gen Intel(R) Core(TM) i5-1240P, 16 cores, 15G,  Windows 11 , 64 bit Build 22621 (10.0.22621.5415)
Time: Wed Aug 27 14:13:12 2025 SE Asia Standard Time elapsed time: 32.357949 seconds (0d 0h 0m 32s)

---------------  T H R E A D  ---------------

Current thread (0x0000018f7939b9f0):  JavaThread "C2 CompilerThread7" daemon [_thread_in_native, id=5484, stack(0x0000006123d00000,0x0000006123e00000) (1024K)]


Current CompileTask:
C2:32358 8243   !   4       org.eclipse.jdt.internal.compiler.classfmt.ClassFileReader::<init> (1968 bytes)

Stack: [0x0000006123d00000,0x0000006123e00000],  sp=0x0000006123dfce30,  free space=1011k
Native frames: (J=compiled Java code, j=interpreted, Vv=VM code, C=native code)
V  [jvm.dll+0x3be0b0]
V  [jvm.dll+0x3b7548]
V  [jvm.dll+0x1e1450]
V  [jvm.dll+0x249022]
V  [jvm.dll+0x2484af]
V  [jvm.dll+0x1c89ee]
V  [jvm.dll+0x257d4d]
V  [jvm.dll+0x2562ea]
V  [jvm.dll+0x3f2d16]
V  [jvm.dll+0x857e6b]
V  [jvm.dll+0x6d0b0d]
C  [ucrtbase.dll+0x29333]
C  [KERNEL32.DLL+0x1259d]
C  [ntdll.dll+0x5af78]


siginfo: EXCEPTION_ACCESS_VIOLATION (0xc0000005), reading address 0x00005ffbffc6d500


Registers:
RAX=0x0000000000000000, RBX=0x0000000000000011, RCX=0x0000000000000000, RDX=0x00005ffbffc6d500
RSP=0x0000006123dfce30, RBP=0x00007ffbffc6d500, RSI=0x0000000000000010, RDI=0x0000006123dfce80
R8 =0x0000000000000f00, R9 =0x0000000000000004, R10=0x0000018f7e311ff8, R11=0x0000000000000001
R12=0x0000000000000000, R13=0x0000000000000000, R14=0x0000006123dfcfb0, R15=0x00000000000009f1
RIP=0x00007ffbff38e0b0, EFLAGS=0x0000000000010246

XMM[0]=0x0000000000000000 0x0000000000000000
XMM[1]=0x0000000000000000 0x0000000000000000
XMM[2]=0x0000000000000000 0x0000000000000000
XMM[3]=0x0000000000000000 0x0000000000000000
XMM[4]=0x0000000000000000 0x0000000000000000
XMM[5]=0x0000000000000000 0x0000000000000000
XMM[6]=0x0000000000000000 0x0000000000000000
XMM[7]=0x0000000000000000 0x0000000000000000
XMM[8]=0x0000000000000000 0x0000000000000000
XMM[9]=0x0000000000000000 0x0000000000000000
XMM[10]=0x0000000000000000 0x0000000000000000
XMM[11]=0x0000000000000000 0x0000000000000000
XMM[12]=0x0000000000000000 0x0000000000000000
XMM[13]=0x0000000000000000 0x0000000000000000
XMM[14]=0x0000000000000000 0x0000000000000000
XMM[15]=0x0000000000000000 0x0000000000000000
  MXCSR=0x00001fa0


Register to memory mapping:

RAX=0x0 is null
RBX=0x0000000000000011 is an unknown value
RCX=0x0 is null
RDX=0x00005ffbffc6d500 is an unknown value
RSP=0x0000006123dfce30 is pointing into the stack for thread: 0x0000018f7939b9f0
RBP=0x00007ffbffc6d500 jvm.dll
RSI=0x0000000000000010 is an unknown value
RDI=0x0000006123dfce80 is pointing into the stack for thread: 0x0000018f7939b9f0
R8 =0x0000000000000f00 is an unknown value
R9 =0x0000000000000004 is an unknown value
R10=0x0000018f7e311ff8 points into unknown readable memory: 0x0000000000000000 | 00 00 00 00 00 00 00 00
R11=0x0000000000000001 is an unknown value
R12=0x0 is null
R13=0x0 is null
R14=0x0000006123dfcfb0 is pointing into the stack for thread: 0x0000018f7939b9f0
R15=0x00000000000009f1 is an unknown value

Top of Stack: (sp=0x0000006123dfce30)
0x0000006123dfce30:   0000000000001a19 00007ffbff38e204
0x0000006123dfce40:   0000018f41623ae0 0000018f79554b00
0x0000006123dfce50:   000000000000000d 00007ffbff387548
0x0000006123dfce60:   00000000000009f1 0000000000000001
0x0000006123dfce70:   0000000000000010 0000006123dfcfb0
0x0000006123dfce80:   0000000000000000 0000000100000f16
0x0000006123dfce90:   0000001900000010 00005ffbffc6d500
0x0000006123dfcea0:   0000018f7949f698 0000018f73d8e6f0
0x0000006123dfceb0:   0000018f72247590 0000000000000000
0x0000006123dfcec0:   0000018f72247580 0000006123dfd430
0x0000006123dfced0:   0000000000000001 00007ffbff1b1450
0x0000006123dfcee0:   0000006123dfd350 0000006123dfcfe0
0x0000006123dfcef0:   0000018f72247968 0000018f72247580
0x0000006123dfcf00:   0000000000000000 000000000000000e
0x0000006123dfcf10:   0000000000000007 0000018f72247580
0x0000006123dfcf20:   0000018f7e5e5960 0000018f7e5ebf70
0x0000006123dfcf30:   0000018f7e5ed948 0000000000561c08
0x0000006123dfcf40:   0000018f72247590 0000000000000000
0x0000006123dfcf50:   0000000000000000 0000000000000000
0x0000006123dfcf60:   0000000000000010 0000000000001500
0x0000006123dfcf70:   0000018f79554ba0 00007ffbff9d51e0
0x0000006123dfcf80:   0000000000000000 0000006123dfe830
0x0000006123dfcf90:   0000000000000000 00007ffbff9d51e0
0x0000006123dfcfa0:   0000000000007f00 00007ffbff09578e
0x0000006123dfcfb0:   00007ffb0000000c 0000006123dfe830
0x0000006123dfcfc0:   0000018f73d2b050 0000018f79554b01
0x0000006123dfcfd0:   0000018f73e41050 0000018f00001a1c
0x0000006123dfcfe0:   0000006123dfcf10 0000018f72247590
0x0000006123dfcff0:   00007ffbff9d51b0 000000000000000d
0x0000006123dfd000:   0000006123dfe830 0000006123dfd350
0x0000006123dfd010:   0000018f00002061 0000018f79554ba0
0x0000006123dfd020:   000000000000000a 0000006123dfe830 

Instructions: (pc=0x00007ffbff38e0b0)
0x00007ffbff38dfb0:   48 8b 8e d8 08 00 00 48 85 c9 75 0c e8 2f 09 00
0x00007ffbff38dfc0:   00 48 8b 8e d8 08 00 00 48 8b 01 0f 57 c0 48 89
0x00007ffbff38dfd0:   86 d8 08 00 00 0f 11 01 0f 11 41 10 0f 10 45 00
0x00007ffbff38dfe0:   0f 11 01 0f 10 4d 10 0f 11 49 10 48 8b 43 08 49
0x00007ffbff38dff0:   89 0c 06 48 8d 0d 06 f5 8d 00 ff c7 ba 70 00 00
0x00007ffbff38e000:   00 3b bb 90 00 00 00 0f 82 63 ff ff ff 4c 8b 74
0x00007ffbff38e010:   24 60 4c 8b 64 24 58 48 8b 6c 24 50 48 8b c3 48
0x00007ffbff38e020:   83 c4 20 41 5f 41 5d 5f 5e 5b c3 cc cc cc cc cc
0x00007ffbff38e030:   48 89 74 24 18 57 48 83 ec 20 8b 51 0c 48 8b f9
0x00007ffbff38e040:   83 fa 04 73 29 48 8b 49 18 0f 1f 80 00 00 00 00
0x00007ffbff38e050:   8b c2 44 8d 4a 01 48 83 3c c1 00 4c 8d 14 c1 0f
0x00007ffbff38e060:   85 91 00 00 00 41 8b d1 41 83 f9 04 72 e2 48 89
0x00007ffbff38e070:   5c 24 30 8b 5f 10 48 89 6c 24 38 3b 5f 14 73 5f
0x00007ffbff38e080:   48 8d 2d 79 f4 8d 00 66 0f 1f 84 00 00 00 00 00
0x00007ffbff38e090:   48 8b 47 20 8b cb 48 8b 14 c8 48 3b d5 74 39 33
0x00007ffbff38e0a0:   c0 48 89 57 18 33 c9 66 0f 1f 84 00 00 00 00 00
0x00007ffbff38e0b0:   48 83 3c 11 00 44 8d 48 01 75 78 48 83 c1 08 41
0x00007ffbff38e0c0:   8b c1 41 83 f9 04 72 e8 48 8b 4f 28 48 85 c9 74
0x00007ffbff38e0d0:   07 8b d3 e8 58 01 00 00 ff c3 3b 5f 14 72 b1 33
0x00007ffbff38e0e0:   c0 48 8b 5c 24 30 48 8b 6c 24 38 48 8b 74 24 40
0x00007ffbff38e0f0:   48 83 c4 20 5f c3 8b 47 10 48 8b 74 24 40 44 8d
0x00007ffbff38e100:   04 82 41 c1 e0 06 41 81 c0 00 ff ff ff 44 89 47
0x00007ffbff38e110:   08 49 8b 12 48 0f bc c2 44 89 4f 0c 8b c8 48 d3
0x00007ffbff38e120:   ea 48 ff ca 41 03 c0 48 89 17 89 47 08 48 83 c4
0x00007ffbff38e130:   20 5f c3 8b c8 44 8d 04 98 41 c1 e0 06 8d 43 01
0x00007ffbff38e140:   44 89 47 08 48 8b 14 ca 89 47 10 48 0f bc c2 44
0x00007ffbff38e150:   89 4f 0c 8b c8 48 d3 ea 48 ff ca 41 03 c0 48 89
0x00007ffbff38e160:   17 89 47 08 e9 78 ff ff ff cc cc cc cc cc cc cc
0x00007ffbff38e170:   40 53 48 83 ec 20 65 48 8b 04 25 58 00 00 00 8b
0x00007ffbff38e180:   0d 63 73 92 00 48 8b 1c c8 b8 70 00 00 00 80 3c
0x00007ffbff38e190:   18 00 75 05 e8 97 ed 58 00 b8 20 00 00 00 48 8b
0x00007ffbff38e1a0:   04 18 48 8b 88 60 06 00 00 48 8b 99 80 00 00 00 


Stack slot to memory mapping:

stack at sp + 0 slots: 0x0000000000001a19 is an unknown value
stack at sp + 1 slots: 0x00007ffbff38e204 jvm.dll
stack at sp + 2 slots: 0x0000018f41623ae0 points into unknown readable memory: 0x0000000000000000 | 00 00 00 00 00 00 00 00
stack at sp + 3 slots: 0x0000018f79554b00 points into unknown readable memory: 0x0000018f7e229898 | 98 98 22 7e 8f 01 00 00
stack at sp + 4 slots: 0x000000000000000d is an unknown value
stack at sp + 5 slots: 0x00007ffbff387548 jvm.dll
stack at sp + 6 slots: 0x00000000000009f1 is an unknown value
stack at sp + 7 slots: 0x0000000000000001 is an unknown value


---------------  P R O C E S S  ---------------

Threads class SMR info:
_java_thread_list=0x0000018f78b18cf0, length=69, elements={
0x0000018f5a3c2e40, 0x0000018f5a464f80, 0x0000018f5a465940, 0x0000018f5a46a350,
0x0000018f5a46a9e0, 0x0000018f5a468910, 0x0000018f5a468fa0, 0x0000018f7221d380,
0x0000018f5a476e20, 0x0000018f5a469630, 0x0000018f5a469cc0, 0x0000018f5a46bd90,
0x0000018f5a46b070, 0x0000018f5a46b700, 0x0000018f789e7d30, 0x0000018f789eab20,
0x0000018f789ebed0, 0x0000018f789e7010, 0x0000018f789ea490, 0x0000018f789e83c0,
0x0000018f789e8a50, 0x0000018f789ec560, 0x0000018f789e5c60, 0x0000018f789e90e0,
0x0000018f789eb1b0, 0x0000018f789ecbf0, 0x0000018f789e9770, 0x0000018f789e9e00,
0x0000018f789ed280, 0x0000018f789eb840, 0x0000018f789e62f0, 0x0000018f789e6980,
0x0000018f7b7afc20, 0x0000018f7b7b2380, 0x0000018f7b7b2a10, 0x0000018f7b7b1660,
0x0000018f7b7aef00, 0x0000018f7b7b02b0, 0x0000018f7b7b0940, 0x0000018f7b7af590,
0x0000018f7b7b0fd0, 0x0000018f7b7aba80, 0x0000018f7b7b1cf0, 0x0000018f7b7adb50,
0x0000018f7b7b30a0, 0x0000018f7b7ac110, 0x0000018f7b7ac7a0, 0x0000018f7b7ace30,
0x0000018f7d7ab5d0, 0x0000018f7d7abc60, 0x0000018f789e76a0, 0x0000018f7939b320,
0x0000018f7d8ef1d0, 0x0000018f7d791b60, 0x0000018f7d78ed70, 0x0000018f7d8edd60,
0x0000018f7d78d9c0, 0x0000018f7d7914d0, 0x0000018f7d78fa90, 0x0000018f7d792f10,
0x0000018f7d78e6e0, 0x0000018f7d790e40, 0x0000018f7d8ec8f0, 0x0000018f7d8ef8a0,
0x0000018f7d8ee430, 0x0000018f7d8eeb00, 0x0000018f7d8ecfc0, 0x0000018f7939ac50,
0x0000018f7939b9f0
}

Java Threads: ( => current thread )
  0x0000018f5a3c2e40 JavaThread "main"                              [_thread_blocked, id=10444, stack(0x000000611e900000,0x000000611ea00000) (1024K)]
  0x0000018f5a464f80 JavaThread "Reference Handler"          daemon [_thread_blocked, id=19516, stack(0x000000611ed00000,0x000000611ee00000) (1024K)]
  0x0000018f5a465940 JavaThread "Finalizer"                  daemon [_thread_blocked, id=10368, stack(0x000000611ee00000,0x000000611ef00000) (1024K)]
  0x0000018f5a46a350 JavaThread "Signal Dispatcher"          daemon [_thread_blocked, id=15608, stack(0x000000611ef00000,0x000000611f000000) (1024K)]
  0x0000018f5a46a9e0 JavaThread "Attach Listener"            daemon [_thread_blocked, id=15152, stack(0x000000611f000000,0x000000611f100000) (1024K)]
  0x0000018f5a468910 JavaThread "Service Thread"             daemon [_thread_blocked, id=21752, stack(0x000000611f100000,0x000000611f200000) (1024K)]
  0x0000018f5a468fa0 JavaThread "Monitor Deflation Thread"   daemon [_thread_blocked, id=22120, stack(0x000000611f200000,0x000000611f300000) (1024K)]
  0x0000018f7221d380 JavaThread "C2 CompilerThread0"         daemon [_thread_in_native, id=13320, stack(0x000000611f300000,0x000000611f400000) (1024K)]
  0x0000018f5a476e20 JavaThread "C1 CompilerThread0"         daemon [_thread_blocked, id=12540, stack(0x000000611f400000,0x000000611f500000) (1024K)]
  0x0000018f5a469630 JavaThread "Common-Cleaner"             daemon [_thread_blocked, id=7784, stack(0x000000611f500000,0x000000611f600000) (1024K)]
  0x0000018f5a469cc0 JavaThread "Notification Thread"        daemon [_thread_blocked, id=2156, stack(0x000000611f900000,0x000000611fa00000) (1024K)]
  0x0000018f5a46bd90 JavaThread "Active Thread: Equinox Container: 48c0e649-eaf1-46d8-b4d0-90599431305b"        [_thread_blocked, id=14020, stack(0x0000006120200000,0x0000006120300000) (1024K)]
  0x0000018f5a46b070 JavaThread "Refresh Thread: Equinox Container: 48c0e649-eaf1-46d8-b4d0-90599431305b" daemon [_thread_blocked, id=19764, stack(0x0000006120400000,0x0000006120500000) (1024K)]
  0x0000018f5a46b700 JavaThread "Framework Event Dispatcher: Equinox Container: 48c0e649-eaf1-46d8-b4d0-90599431305b" daemon [_thread_blocked, id=22636, stack(0x0000006120500000,0x0000006120600000) (1024K)]
  0x0000018f789e7d30 JavaThread "Start Level: Equinox Container: 48c0e649-eaf1-46d8-b4d0-90599431305b" daemon [_thread_blocked, id=12036, stack(0x0000006120600000,0x0000006120700000) (1024K)]
  0x0000018f789eab20 JavaThread "Bundle File Closer"         daemon [_thread_blocked, id=16500, stack(0x0000006120900000,0x0000006120a00000) (1024K)]
  0x0000018f789ebed0 JavaThread "SCR Component Actor"        daemon [_thread_blocked, id=11388, stack(0x0000006120a00000,0x0000006120b00000) (1024K)]
  0x0000018f789e7010 JavaThread "Worker-JM"                         [_thread_blocked, id=25776, stack(0x0000006120c00000,0x0000006120d00000) (1024K)]
  0x0000018f789ea490 JavaThread "JNA Cleaner"                daemon [_thread_blocked, id=10084, stack(0x0000006120f00000,0x0000006121000000) (1024K)]
  0x0000018f789e83c0 JavaThread "Worker-0: Java indexing... "        [_thread_blocked, id=4544, stack(0x0000006121000000,0x0000006121100000) (1024K)]
  0x0000018f789e8a50 JavaThread "Worker-1"                          [_thread_blocked, id=26352, stack(0x0000006121100000,0x0000006121200000) (1024K)]
  0x0000018f789ec560 JavaThread "Java indexing"              daemon [_thread_in_native, id=5996, stack(0x0000006121300000,0x0000006121400000) (1024K)]
  0x0000018f789e5c60 JavaThread "Worker-2"                          [_thread_blocked, id=19348, stack(0x0000006121600000,0x0000006121700000) (1024K)]
  0x0000018f789e90e0 JavaThread "Worker-3: Synchronize Gradle projects with workspace"        [_thread_blocked, id=7392, stack(0x0000006121700000,0x0000006121800000) (1024K)]
  0x0000018f789eb1b0 JavaThread "Worker-4: Synchronize Gradle projects with workspace"        [_thread_blocked, id=24832, stack(0x0000006121800000,0x0000006121900000) (1024K)]
  0x0000018f789ecbf0 JavaThread "Worker-5"                          [_thread_blocked, id=6128, stack(0x0000006121a00000,0x0000006121b00000) (1024K)]
  0x0000018f789e9770 JavaThread "Thread-2"                   daemon [_thread_in_native, id=11276, stack(0x0000006121b00000,0x0000006121c00000) (1024K)]
  0x0000018f789e9e00 JavaThread "Thread-3"                   daemon [_thread_in_native, id=25644, stack(0x0000006121c00000,0x0000006121d00000) (1024K)]
  0x0000018f789ed280 JavaThread "Thread-4"                   daemon [_thread_in_native, id=24160, stack(0x0000006121d00000,0x0000006121e00000) (1024K)]
  0x0000018f789eb840 JavaThread "Thread-5"                   daemon [_thread_in_native, id=15180, stack(0x0000006121e00000,0x0000006121f00000) (1024K)]
  0x0000018f789e62f0 JavaThread "Thread-6"                   daemon [_thread_in_native, id=17796, stack(0x0000006121f00000,0x0000006122000000) (1024K)]
  0x0000018f789e6980 JavaThread "Thread-7"                   daemon [_thread_in_native, id=10512, stack(0x0000006122000000,0x0000006122100000) (1024K)]
  0x0000018f7b7afc20 JavaThread "Thread-8"                   daemon [_thread_in_native, id=7324, stack(0x0000006122100000,0x0000006122200000) (1024K)]
  0x0000018f7b7b2380 JavaThread "Thread-9"                   daemon [_thread_in_native, id=18208, stack(0x0000006122200000,0x0000006122300000) (1024K)]
  0x0000018f7b7b2a10 JavaThread "Thread-10"                  daemon [_thread_in_native, id=21464, stack(0x0000006122300000,0x0000006122400000) (1024K)]
  0x0000018f7b7b1660 JavaThread "Thread-11"                  daemon [_thread_in_native, id=23936, stack(0x0000006122400000,0x0000006122500000) (1024K)]
  0x0000018f7b7aef00 JavaThread "Thread-12"                  daemon [_thread_in_native, id=16804, stack(0x0000006122500000,0x0000006122600000) (1024K)]
  0x0000018f7b7b02b0 JavaThread "Thread-13"                  daemon [_thread_in_native, id=2656, stack(0x0000006122600000,0x0000006122700000) (1024K)]
  0x0000018f7b7b0940 JavaThread "Thread-14"                  daemon [_thread_in_native, id=25608, stack(0x0000006122700000,0x0000006122800000) (1024K)]
  0x0000018f7b7af590 JavaThread "Thread-15"                  daemon [_thread_in_native, id=22548, stack(0x0000006122800000,0x0000006122900000) (1024K)]
  0x0000018f7b7b0fd0 JavaThread "Thread-16"                  daemon [_thread_in_native, id=23460, stack(0x0000006122900000,0x0000006122a00000) (1024K)]
  0x0000018f7b7aba80 JavaThread "Thread-17"                  daemon [_thread_in_native, id=8744, stack(0x0000006122a00000,0x0000006122b00000) (1024K)]
  0x0000018f7b7b1cf0 JavaThread "Thread-18"                  daemon [_thread_in_native, id=11844, stack(0x0000006122b00000,0x0000006122c00000) (1024K)]
  0x0000018f7b7adb50 JavaThread "pool-2-thread-1"                   [_thread_blocked, id=14860, stack(0x0000006123000000,0x0000006123100000) (1024K)]
  0x0000018f7b7b30a0 JavaThread "Timer-1"                           [_thread_blocked, id=20088, stack(0x0000006123100000,0x0000006123200000) (1024K)]
  0x0000018f7b7ac110 JavaThread "Timer-0"                           [_thread_blocked, id=14268, stack(0x0000006123200000,0x0000006123300000) (1024K)]
  0x0000018f7b7ac7a0 JavaThread "Timer-3"                           [_thread_blocked, id=26024, stack(0x0000006123300000,0x0000006123400000) (1024K)]
  0x0000018f7b7ace30 JavaThread "Timer-2"                           [_thread_blocked, id=180, stack(0x0000006123400000,0x0000006123500000) (1024K)]
  0x0000018f7d7ab5d0 JavaThread "WorkspaceEventsHandler"            [_thread_blocked, id=10776, stack(0x0000006123500000,0x0000006123600000) (1024K)]
  0x0000018f7d7abc60 JavaThread "pool-1-thread-1"                   [_thread_blocked, id=1552, stack(0x0000006123600000,0x0000006123700000) (1024K)]
  0x0000018f789e76a0 JavaThread "Worker-6: Initialize Workspace"        [_thread_blocked, id=12496, stack(0x000000611f800000,0x000000611f900000) (1024K)]
  0x0000018f7939b320 JavaThread "C1 CompilerThread1"         daemon [_thread_blocked, id=18596, stack(0x000000611f700000,0x000000611f800000) (1024K)]
  0x0000018f7d8ef1d0 JavaThread "C2 CompilerThread1"         daemon [_thread_blocked, id=7232, stack(0x000000611f600000,0x000000611f700000) (1024K)]
  0x0000018f7d791b60 JavaThread "Timer-4"                           [_thread_blocked, id=25064, stack(0x0000006120d00000,0x0000006120e00000) (1024K)]
  0x0000018f7d78ed70 JavaThread "Timer-5"                           [_thread_blocked, id=10328, stack(0x0000006121200000,0x0000006121300000) (1024K)]
  0x0000018f7d8edd60 JavaThread "C2 CompilerThread2"         daemon [_thread_in_native, id=10916, stack(0x000000611e700000,0x000000611e800000) (1024K)]
  0x0000018f7d78d9c0 JavaThread "Timer-6"                           [_thread_blocked, id=12360, stack(0x0000006120b00000,0x0000006120c00000) (1024K)]
  0x0000018f7d7914d0 JavaThread "Timer-7"                           [_thread_blocked, id=23580, stack(0x0000006121900000,0x0000006121a00000) (1024K)]
  0x0000018f7d78fa90 JavaThread "Timer-8"                           [_thread_blocked, id=16016, stack(0x0000006122c00000,0x0000006122d00000) (1024K)]
  0x0000018f7d792f10 JavaThread "Timer-9"                           [_thread_blocked, id=26400, stack(0x0000006122e00000,0x0000006122f00000) (1024K)]
  0x0000018f7d78e6e0 JavaThread "Timer-10"                          [_thread_blocked, id=9140, stack(0x0000006122d00000,0x0000006122e00000) (1024K)]
  0x0000018f7d790e40 JavaThread "Connection worker"                 [_thread_in_vm, id=22296, stack(0x0000006122f00000,0x0000006123000000) (1024K)]
  0x0000018f7d8ec8f0 JavaThread "C2 CompilerThread3"         daemon [_thread_in_native, id=7552, stack(0x0000006123700000,0x0000006123800000) (1024K)]
  0x0000018f7d8ef8a0 JavaThread "C1 CompilerThread2"         daemon [_thread_blocked, id=22096, stack(0x0000006123800000,0x0000006123900000) (1024K)]
  0x0000018f7d8ee430 JavaThread "C1 CompilerThread3"         daemon [_thread_blocked, id=1104, stack(0x0000006123900000,0x0000006123a00000) (1024K)]
  0x0000018f7d8eeb00 JavaThread "C2 CompilerThread4"         daemon [_thread_in_native, id=17812, stack(0x0000006123a00000,0x0000006123b00000) (1024K)]
  0x0000018f7d8ecfc0 JavaThread "C2 CompilerThread5"         daemon [_thread_in_native, id=10760, stack(0x0000006123b00000,0x0000006123c00000) (1024K)]
  0x0000018f7939ac50 JavaThread "C2 CompilerThread6"         daemon [_thread_in_native, id=19844, stack(0x0000006123c00000,0x0000006123d00000) (1024K)]
=>0x0000018f7939b9f0 JavaThread "C2 CompilerThread7"         daemon [_thread_in_native, id=5484, stack(0x0000006123d00000,0x0000006123e00000) (1024K)]
Total: 69

Other Threads:
  0x0000018f70e44d70 VMThread "VM Thread"                           [id=21792, stack(0x000000611ec00000,0x000000611ed00000) (1024K)]
  0x0000018f70d3ca10 WatcherThread "VM Periodic Task Thread"        [id=22592, stack(0x000000611eb00000,0x000000611ec00000) (1024K)]
  0x0000018f5a3e1310 WorkerThread "GC Thread#0"                     [id=21908, stack(0x000000611ea00000,0x000000611eb00000) (1024K)]
  0x0000018f78700800 WorkerThread "GC Thread#1"                     [id=22244, stack(0x000000611fb00000,0x000000611fc00000) (1024K)]
  0x0000018f78109410 WorkerThread "GC Thread#2"                     [id=9900, stack(0x000000611fc00000,0x000000611fd00000) (1024K)]
  0x0000018f781097b0 WorkerThread "GC Thread#3"                     [id=2648, stack(0x000000611fd00000,0x000000611fe00000) (1024K)]
  0x0000018f78700ba0 WorkerThread "GC Thread#4"                     [id=25116, stack(0x000000611fe00000,0x000000611ff00000) (1024K)]
  0x0000018f78700f40 WorkerThread "GC Thread#5"                     [id=20580, stack(0x000000611ff00000,0x0000006120000000) (1024K)]
  0x0000018f7810dfd0 WorkerThread "GC Thread#6"                     [id=10320, stack(0x0000006120000000,0x0000006120100000) (1024K)]
  0x0000018f789d2ac0 WorkerThread "GC Thread#7"                     [id=10768, stack(0x0000006120300000,0x0000006120400000) (1024K)]
  0x0000018f789fa340 WorkerThread "GC Thread#8"                     [id=2196, stack(0x0000006120100000,0x0000006120200000) (1024K)]
  0x0000018f789f9fa0 WorkerThread "GC Thread#9"                     [id=26224, stack(0x0000006120700000,0x0000006120800000) (1024K)]
  0x0000018f789fa6e0 WorkerThread "GC Thread#10"                    [id=11416, stack(0x0000006120800000,0x0000006120900000) (1024K)]
  0x0000018f789fb1c0 WorkerThread "GC Thread#11"                    [id=13456, stack(0x000000611fa00000,0x000000611fb00000) (1024K)]
  0x0000018f789f9c00 WorkerThread "GC Thread#12"                    [id=24348, stack(0x0000006120e00000,0x0000006120f00000) (1024K)]
Total: 15

Threads with active compile tasks:
C2 CompilerThread0  32491 8288   !   4       org.gradle.internal.daemon.client.serialization.ClasspathInferer::find (383 bytes)
C2 CompilerThread2  32491 8322       4       java.net.URI::<init> (51 bytes)
C2 CompilerThread3  32491 8318       4       java.net.URI::appendSchemeSpecificPart (158 bytes)
C2 CompilerThread4  32491 8311       4       org.eclipse.jdt.internal.core.search.indexing.AbstractIndexer::addClassDeclaration (129 bytes)
C2 CompilerThread5  32491 8317       4       java.net.URI::toString (60 bytes)
C2 CompilerThread6  32491 8323       4       java.net.URI::<init> (13 bytes)
C2 CompilerThread7  32491 8243   !   4       org.eclipse.jdt.internal.compiler.classfmt.ClassFileReader::<init> (1968 bytes)
Total: 7

VM state: not at safepoint (normal execution)

VM Mutex/Monitor currently owned by a thread: None

Heap address: 0x0000000080000000, size: 2048 MB, Compressed Oops mode: 32-bit

CDS archive(s) mapped at: [0x0000018f00000000-0x0000018f00ba0000-0x0000018f00ba0000), size 12189696, SharedBaseAddress: 0x0000018f00000000, ArchiveRelocationMode: 1.
Compressed class space mapped at: 0x0000018f01000000-0x0000018f41000000, reserved size: 1073741824
Narrow klass base: 0x0000018f00000000, Narrow klass shift: 0, Narrow klass range: 0x100000000

GC Precious Log:
 CardTable entry size: 512
 CPUs: 16 total, 16 available
 Memory: 16068M
 Large Page Support: Disabled
 NUMA Support: Disabled
 Compressed Oops: Enabled (32-bit)
 Alignments: Space 512K, Generation 512K, Heap 2M
 Heap Min Capacity: 100M
 Heap Initial Capacity: 100M
 Heap Max Capacity: 2G
 Pre-touch: Disabled
 Parallel Workers: 13

Heap:
 PSYoungGen      total 10240K, used 6613K [0x00000000d5580000, 0x00000000d6100000, 0x0000000100000000)
  eden space 8704K, 62% used [0x00000000d5580000,0x00000000d5ad6330,0x00000000d5e00000)
  from space 1536K, 74% used [0x00000000d5f80000,0x00000000d609f210,0x00000000d6100000)
  to   space 1536K, 0% used [0x00000000d5e00000,0x00000000d5e00000,0x00000000d5f80000)
 ParOldGen       total 91648K, used 91471K [0x0000000080000000, 0x0000000085980000, 0x00000000d5580000)
  object space 91648K, 99% used [0x0000000080000000,0x0000000085953f98,0x0000000085980000)
 Metaspace       used 63311K, committed 64640K, reserved 1114112K
  class space    used 7800K, committed 8384K, reserved 1048576K

Card table byte_map: [0x0000018f59d90000,0x0000018f5a1a0000] _byte_map_base: 0x0000018f59990000

Marking Bits: (ParMarkBitMap*) 0x00007ffbffc8a340
 Begin Bits: [0x0000018f6c860000, 0x0000018f6e860000)
 End Bits:   [0x0000018f6e860000, 0x0000018f70860000)

Polling page: 0x0000018f59b80000

Metaspace:

Usage:
  Non-class:     54.21 MB used.
      Class:      7.62 MB used.
       Both:     61.83 MB used.

Virtual space:
  Non-class space:       64.00 MB reserved,      54.94 MB ( 86%) committed,  1 nodes.
      Class space:        1.00 GB reserved,       8.19 MB ( <1%) committed,  1 nodes.
             Both:        1.06 GB reserved,      63.12 MB (  6%) committed. 

Chunk freelists:
   Non-Class:  8.83 MB
       Class:  7.84 MB
        Both:  16.67 MB

MaxMetaspaceSize: unlimited
CompressedClassSpaceSize: 1.00 GB
Initial GC threshold: 21.00 MB
Current GC threshold: 98.12 MB
CDS: on
 - commit_granule_bytes: 65536.
 - commit_granule_words: 8192.
 - virtual_space_node_default_size: 8388608.
 - enlarge_chunks_in_place: 1.
 - use_allocation_guard: 0.


Internal statistics:

num_allocs_failed_limit: 13.
num_arena_births: 1128.
num_arena_deaths: 26.
num_vsnodes_births: 2.
num_vsnodes_deaths: 0.
num_space_committed: 1010.
num_space_uncommitted: 0.
num_chunks_returned_to_freelist: 44.
num_chunks_taken_from_freelist: 3993.
num_chunk_merges: 14.
num_chunk_splits: 2541.
num_chunks_enlarged: 1506.
num_inconsistent_stats: 0.

CodeHeap 'non-profiled nmethods': size=119168Kb used=5695Kb max_used=5695Kb free=113472Kb
 bounds [0x0000018f65150000, 0x0000018f656e0000, 0x0000018f6c5b0000]
CodeHeap 'profiled nmethods': size=119104Kb used=16284Kb max_used=16284Kb free=102819Kb
 bounds [0x0000018f5d5b0000, 0x0000018f5e5a0000, 0x0000018f64a00000]
CodeHeap 'non-nmethods': size=7488Kb used=3075Kb max_used=3131Kb free=4412Kb
 bounds [0x0000018f64a00000, 0x0000018f64d20000, 0x0000018f65150000]
CodeCache: size=245760Kb, used=25054Kb, max_used=25110Kb, free=220703Kb
 total_blobs=8194, nmethods=7503, adapters=594, full_count=0
Compilation: enabled, stopped_count=0, restarted_count=0

Compilation events (20 events):
Event: 32.198 Thread 0x0000018f7d8ef8a0 8300       1       org.eclipse.jdt.internal.compiler.classfmt.MethodInfoWithAnnotations::getAnnotations (5 bytes)
Event: 32.198 Thread 0x0000018f7d8ef8a0 nmethod 8300 0x0000018f656d6210 code [0x0000018f656d63a0, 0x0000018f656d6468]
Event: 32.206 Thread 0x0000018f7939b320 8301       3       org.eclipse.jdt.internal.compiler.classfmt.MethodInfo::decodeMethodAnnotations (177 bytes)
Event: 32.208 Thread 0x0000018f7939b320 nmethod 8301 0x0000018f5e56e590 code [0x0000018f5e56e7c0, 0x0000018f5e56f1c8]
Event: 32.210 Thread 0x0000018f7d8edd60 8302   !   4       org.eclipse.osgi.storage.bundlefile.CloseableBundleFile::decrementReference (58 bytes)
Event: 32.218 Thread 0x0000018f7d8ecfc0 8303       4       java.lang.Class::forName (24 bytes)
Event: 32.218 Thread 0x0000018f7d8ef1d0 8304       4       java.lang.Class::forName (41 bytes)
Event: 32.223 Thread 0x0000018f7d8ef1d0 nmethod 8304 0x0000018f656d6510 code [0x0000018f656d66a0, 0x0000018f656d6730]
Event: 32.223 Thread 0x0000018f7d8ecfc0 nmethod 8303 0x0000018f656d6810 code [0x0000018f656d69a0, 0x0000018f656d6a38]
Event: 32.230 Thread 0x0000018f7d8edd60 nmethod 8302 0x0000018f656d6b10 code [0x0000018f656d6d20, 0x0000018f656d7150]
Event: 32.242 Thread 0x0000018f7939ac50 nmethod 8294 0x0000018f656d7590 code [0x0000018f656d7ac0, 0x0000018f656d9a78]
Event: 32.253 Thread 0x0000018f5a476e20 8305       3       org.eclipse.jdt.internal.compiler.parser.Scanner::internalScanIdentifierOrKeyword (5041 bytes)
Event: 32.276 Thread 0x0000018f5a476e20 nmethod 8305 0x0000018f5e56f590 code [0x0000018f5e570560, 0x0000018f5e57b290]
Event: 32.278 Thread 0x0000018f7d8edd60 8306       4       org.eclipse.jdt.internal.compiler.classfmt.ClassFileReader::isLocal (42 bytes)
Event: 32.281 Thread 0x0000018f5a476e20 8307   !   3       org.gradle.internal.classloader.ClasspathUtil::getClasspathForClass (137 bytes)
Event: 32.286 Thread 0x0000018f5a476e20 nmethod 8307 0x0000018f5e57d590 code [0x0000018f5e57d9c0, 0x0000018f5e57f2c0]
Event: 32.295 Thread 0x0000018f7d8edd60 nmethod 8306 0x0000018f656da710 code [0x0000018f656da920, 0x0000018f656dae90]
Event: 32.308 Thread 0x0000018f5a476e20 8308       3       org.eclipse.jdt.internal.core.search.matching.MethodDeclarationPattern::createDeclarationIndexKey (387 bytes)
Event: 32.310 Thread 0x0000018f5a476e20 nmethod 8308 0x0000018f5e580090 code [0x0000018f5e5803e0, 0x0000018f5e5820a0]
Event: 32.325 Thread 0x0000018f7939b320 8309 % !   3       org.eclipse.jdt.internal.core.search.indexing.BinaryIndexer::indexDocument @ 559 (1168 bytes)

GC Heap History (20 events):
Event: 31.479 GC heap before
{Heap before GC invocations=61 (full 3):
 PSYoungGen      total 11776K, used 11584K [0x00000000d5580000, 0x00000000d6280000, 0x0000000100000000)
  eden space 10240K, 100% used [0x00000000d5580000,0x00000000d5f80000,0x00000000d5f80000)
  from space 1536K, 87% used [0x00000000d5f80000,0x00000000d60d0000,0x00000000d6100000)
  to   space 1536K, 0% used [0x00000000d6100000,0x00000000d6100000,0x00000000d6280000)
 ParOldGen       total 80384K, used 79885K [0x0000000080000000, 0x0000000084e80000, 0x00000000d5580000)
  object space 80384K, 99% used [0x0000000080000000,0x0000000084e03728,0x0000000084e80000)
 Metaspace       used 61759K, committed 63104K, reserved 1114112K
  class space    used 7546K, committed 8128K, reserved 1048576K
}
Event: 31.484 GC heap after
{Heap after GC invocations=61 (full 3):
 PSYoungGen      total 11776K, used 1388K [0x00000000d5580000, 0x00000000d6280000, 0x0000000100000000)
  eden space 10240K, 0% used [0x00000000d5580000,0x00000000d5580000,0x00000000d5f80000)
  from space 1536K, 90% used [0x00000000d6100000,0x00000000d625b010,0x00000000d6280000)
  to   space 1536K, 0% used [0x00000000d5f80000,0x00000000d5f80000,0x00000000d6100000)
 ParOldGen       total 81408K, used 80965K [0x0000000080000000, 0x0000000084f80000, 0x00000000d5580000)
  object space 81408K, 99% used [0x0000000080000000,0x0000000084f11728,0x0000000084f80000)
 Metaspace       used 61759K, committed 63104K, reserved 1114112K
  class space    used 7546K, committed 8128K, reserved 1048576K
}
Event: 31.562 GC heap before
{Heap before GC invocations=62 (full 3):
 PSYoungGen      total 11776K, used 11628K [0x00000000d5580000, 0x00000000d6280000, 0x0000000100000000)
  eden space 10240K, 100% used [0x00000000d5580000,0x00000000d5f80000,0x00000000d5f80000)
  from space 1536K, 90% used [0x00000000d6100000,0x00000000d625b010,0x00000000d6280000)
  to   space 1536K, 0% used [0x00000000d5f80000,0x00000000d5f80000,0x00000000d6100000)
 ParOldGen       total 81408K, used 80965K [0x0000000080000000, 0x0000000084f80000, 0x00000000d5580000)
  object space 81408K, 99% used [0x0000000080000000,0x0000000084f11728,0x0000000084f80000)
 Metaspace       used 61885K, committed 63232K, reserved 1114112K
  class space    used 7565K, committed 8128K, reserved 1048576K
}
Event: 31.566 GC heap after
{Heap after GC invocations=62 (full 3):
 PSYoungGen      total 11776K, used 1272K [0x00000000d5580000, 0x00000000d6280000, 0x0000000100000000)
  eden space 10240K, 0% used [0x00000000d5580000,0x00000000d5580000,0x00000000d5f80000)
  from space 1536K, 82% used [0x00000000d5f80000,0x00000000d60be008,0x00000000d6100000)
  to   space 1536K, 0% used [0x00000000d6100000,0x00000000d6100000,0x00000000d6280000)
 ParOldGen       total 82432K, used 82217K [0x0000000080000000, 0x0000000085080000, 0x00000000d5580000)
  object space 82432K, 99% used [0x0000000080000000,0x000000008504a738,0x0000000085080000)
 Metaspace       used 61885K, committed 63232K, reserved 1114112K
  class space    used 7565K, committed 8128K, reserved 1048576K
}
Event: 31.648 GC heap before
{Heap before GC invocations=63 (full 3):
 PSYoungGen      total 11776K, used 11512K [0x00000000d5580000, 0x00000000d6280000, 0x0000000100000000)
  eden space 10240K, 100% used [0x00000000d5580000,0x00000000d5f80000,0x00000000d5f80000)
  from space 1536K, 82% used [0x00000000d5f80000,0x00000000d60be008,0x00000000d6100000)
  to   space 1536K, 0% used [0x00000000d6100000,0x00000000d6100000,0x00000000d6280000)
 ParOldGen       total 82432K, used 82217K [0x0000000080000000, 0x0000000085080000, 0x00000000d5580000)
  object space 82432K, 99% used [0x0000000080000000,0x000000008504a738,0x0000000085080000)
 Metaspace       used 62021K, committed 63360K, reserved 1114112K
  class space    used 7592K, committed 8192K, reserved 1048576K
}
Event: 31.653 GC heap after
{Heap after GC invocations=63 (full 3):
 PSYoungGen      total 10240K, used 1504K [0x00000000d5580000, 0x00000000d6580000, 0x0000000100000000)
  eden space 8704K, 0% used [0x00000000d5580000,0x00000000d5580000,0x00000000d5e00000)
  from space 1536K, 97% used [0x00000000d6100000,0x00000000d6278020,0x00000000d6280000)
  to   space 3072K, 0% used [0x00000000d5e00000,0x00000000d5e00000,0x00000000d6100000)
 ParOldGen       total 83456K, used 83410K [0x0000000080000000, 0x0000000085180000, 0x00000000d5580000)
  object space 83456K, 99% used [0x0000000080000000,0x00000000851749e0,0x0000000085180000)
 Metaspace       used 62021K, committed 63360K, reserved 1114112K
  class space    used 7592K, committed 8192K, reserved 1048576K
}
Event: 31.731 GC heap before
{Heap before GC invocations=64 (full 3):
 PSYoungGen      total 10240K, used 10208K [0x00000000d5580000, 0x00000000d6580000, 0x0000000100000000)
  eden space 8704K, 100% used [0x00000000d5580000,0x00000000d5e00000,0x00000000d5e00000)
  from space 1536K, 97% used [0x00000000d6100000,0x00000000d6278020,0x00000000d6280000)
  to   space 3072K, 0% used [0x00000000d5e00000,0x00000000d5e00000,0x00000000d6100000)
 ParOldGen       total 83456K, used 83410K [0x0000000080000000, 0x0000000085180000, 0x00000000d5580000)
  object space 83456K, 99% used [0x0000000080000000,0x00000000851749e0,0x0000000085180000)
 Metaspace       used 62077K, committed 63424K, reserved 1114112K
  class space    used 7599K, committed 8192K, reserved 1048576K
}
Event: 31.736 GC heap after
{Heap after GC invocations=64 (full 3):
 PSYoungGen      total 10240K, used 1504K [0x00000000d5580000, 0x00000000d6200000, 0x0000000100000000)
  eden space 8704K, 0% used [0x00000000d5580000,0x00000000d5580000,0x00000000d5e00000)
  from space 1536K, 97% used [0x00000000d5e00000,0x00000000d5f78010,0x00000000d5f80000)
  to   space 2048K, 0% used [0x00000000d6000000,0x00000000d6000000,0x00000000d6200000)
 ParOldGen       total 84992K, used 84762K [0x0000000080000000, 0x0000000085300000, 0x00000000d5580000)
  object space 84992K, 99% used [0x0000000080000000,0x00000000852c6a10,0x0000000085300000)
 Metaspace       used 62077K, committed 63424K, reserved 1114112K
  class space    used 7599K, committed 8192K, reserved 1048576K
}
Event: 31.890 GC heap before
{Heap before GC invocations=65 (full 3):
 PSYoungGen      total 10240K, used 10208K [0x00000000d5580000, 0x00000000d6200000, 0x0000000100000000)
  eden space 8704K, 100% used [0x00000000d5580000,0x00000000d5e00000,0x00000000d5e00000)
  from space 1536K, 97% used [0x00000000d5e00000,0x00000000d5f78010,0x00000000d5f80000)
  to   space 2048K, 0% used [0x00000000d6000000,0x00000000d6000000,0x00000000d6200000)
 ParOldGen       total 84992K, used 84762K [0x0000000080000000, 0x0000000085300000, 0x00000000d5580000)
  object space 84992K, 99% used [0x0000000080000000,0x00000000852c6a10,0x0000000085300000)
 Metaspace       used 62232K, committed 63552K, reserved 1114112K
  class space    used 7618K, committed 8192K, reserved 1048576K
}
Event: 31.896 GC heap after
{Heap after GC invocations=65 (full 3):
 PSYoungGen      total 10240K, used 1184K [0x00000000d5580000, 0x00000000d6180000, 0x0000000100000000)
  eden space 8704K, 0% used [0x00000000d5580000,0x00000000d5580000,0x00000000d5e00000)
  from space 1536K, 77% used [0x00000000d6000000,0x00000000d6128000,0x00000000d6180000)
  to   space 1536K, 0% used [0x00000000d5e00000,0x00000000d5e00000,0x00000000d5f80000)
 ParOldGen       total 86528K, used 86046K [0x0000000080000000, 0x0000000085480000, 0x00000000d5580000)
  object space 86528K, 99% used [0x0000000080000000,0x0000000085407a98,0x0000000085480000)
 Metaspace       used 62232K, committed 63552K, reserved 1114112K
  class space    used 7618K, committed 8192K, reserved 1048576K
}
Event: 32.014 GC heap before
{Heap before GC invocations=66 (full 3):
 PSYoungGen      total 10240K, used 9888K [0x00000000d5580000, 0x00000000d6180000, 0x0000000100000000)
  eden space 8704K, 100% used [0x00000000d5580000,0x00000000d5e00000,0x00000000d5e00000)
  from space 1536K, 77% used [0x00000000d6000000,0x00000000d6128000,0x00000000d6180000)
  to   space 1536K, 0% used [0x00000000d5e00000,0x00000000d5e00000,0x00000000d5f80000)
 ParOldGen       total 86528K, used 86046K [0x0000000080000000, 0x0000000085480000, 0x00000000d5580000)
  object space 86528K, 99% used [0x0000000080000000,0x0000000085407a98,0x0000000085480000)
 Metaspace       used 62358K, committed 63744K, reserved 1114112K
  class space    used 7644K, committed 8256K, reserved 1048576K
}
Event: 32.017 GC heap after
{Heap after GC invocations=66 (full 3):
 PSYoungGen      total 10240K, used 1142K [0x00000000d5580000, 0x00000000d6100000, 0x0000000100000000)
  eden space 8704K, 0% used [0x00000000d5580000,0x00000000d5580000,0x00000000d5e00000)
  from space 1536K, 74% used [0x00000000d5e00000,0x00000000d5f1daa0,0x00000000d5f80000)
  to   space 1536K, 0% used [0x00000000d5f80000,0x00000000d5f80000,0x00000000d6100000)
 ParOldGen       total 87040K, used 86982K [0x0000000080000000, 0x0000000085500000, 0x00000000d5580000)
  object space 87040K, 99% used [0x0000000080000000,0x00000000854f19b8,0x0000000085500000)
 Metaspace       used 62358K, committed 63744K, reserved 1114112K
  class space    used 7644K, committed 8256K, reserved 1048576K
}
Event: 32.114 GC heap before
{Heap before GC invocations=67 (full 3):
 PSYoungGen      total 10240K, used 9846K [0x00000000d5580000, 0x00000000d6100000, 0x0000000100000000)
  eden space 8704K, 100% used [0x00000000d5580000,0x00000000d5e00000,0x00000000d5e00000)
  from space 1536K, 74% used [0x00000000d5e00000,0x00000000d5f1daa0,0x00000000d5f80000)
  to   space 1536K, 0% used [0x00000000d5f80000,0x00000000d5f80000,0x00000000d6100000)
 ParOldGen       total 87040K, used 86982K [0x0000000080000000, 0x0000000085500000, 0x00000000d5580000)
  object space 87040K, 99% used [0x0000000080000000,0x00000000854f19b8,0x0000000085500000)
 Metaspace       used 62633K, committed 64000K, reserved 1114112K
  class space    used 7681K, committed 8256K, reserved 1048576K
}
Event: 32.118 GC heap after
{Heap after GC invocations=67 (full 3):
 PSYoungGen      total 10240K, used 1040K [0x00000000d5580000, 0x00000000d6100000, 0x0000000100000000)
  eden space 8704K, 0% used [0x00000000d5580000,0x00000000d5580000,0x00000000d5e00000)
  from space 1536K, 67% used [0x00000000d5f80000,0x00000000d6084330,0x00000000d6100000)
  to   space 1536K, 0% used [0x00000000d5e00000,0x00000000d5e00000,0x00000000d5f80000)
 ParOldGen       total 88064K, used 87931K [0x0000000080000000, 0x0000000085600000, 0x00000000d5580000)
  object space 88064K, 99% used [0x0000000080000000,0x00000000855ded38,0x0000000085600000)
 Metaspace       used 62633K, committed 64000K, reserved 1114112K
  class space    used 7681K, committed 8256K, reserved 1048576K
}
Event: 32.195 GC heap before
{Heap before GC invocations=68 (full 3):
 PSYoungGen      total 10240K, used 9719K [0x00000000d5580000, 0x00000000d6100000, 0x0000000100000000)
  eden space 8704K, 99% used [0x00000000d5580000,0x00000000d5df9ad8,0x00000000d5e00000)
  from space 1536K, 67% used [0x00000000d5f80000,0x00000000d6084330,0x00000000d6100000)
  to   space 1536K, 0% used [0x00000000d5e00000,0x00000000d5e00000,0x00000000d5f80000)
 ParOldGen       total 88064K, used 87931K [0x0000000080000000, 0x0000000085600000, 0x00000000d5580000)
  object space 88064K, 99% used [0x0000000080000000,0x00000000855ded38,0x0000000085600000)
 Metaspace       used 62789K, committed 64128K, reserved 1114112K
  class space    used 7709K, committed 8320K, reserved 1048576K
}
Event: 32.198 GC heap after
{Heap after GC invocations=68 (full 3):
 PSYoungGen      total 10240K, used 1017K [0x00000000d5580000, 0x00000000d6100000, 0x0000000100000000)
  eden space 8704K, 0% used [0x00000000d5580000,0x00000000d5580000,0x00000000d5e00000)
  from space 1536K, 66% used [0x00000000d5e00000,0x00000000d5efe740,0x00000000d5f80000)
  to   space 1536K, 0% used [0x00000000d5f80000,0x00000000d5f80000,0x00000000d6100000)
 ParOldGen       total 89088K, used 88863K [0x0000000080000000, 0x0000000085700000, 0x00000000d5580000)
  object space 89088K, 99% used [0x0000000080000000,0x00000000856c7cf8,0x0000000085700000)
 Metaspace       used 62789K, committed 64128K, reserved 1114112K
  class space    used 7709K, committed 8320K, reserved 1048576K
}
Event: 32.267 GC heap before
{Heap before GC invocations=69 (full 3):
 PSYoungGen      total 10240K, used 9721K [0x00000000d5580000, 0x00000000d6100000, 0x0000000100000000)
  eden space 8704K, 100% used [0x00000000d5580000,0x00000000d5e00000,0x00000000d5e00000)
  from space 1536K, 66% used [0x00000000d5e00000,0x00000000d5efe740,0x00000000d5f80000)
  to   space 1536K, 0% used [0x00000000d5f80000,0x00000000d5f80000,0x00000000d6100000)
 ParOldGen       total 89088K, used 88863K [0x0000000080000000, 0x0000000085700000, 0x00000000d5580000)
  object space 89088K, 99% used [0x0000000080000000,0x00000000856c7cf8,0x0000000085700000)
 Metaspace       used 62907K, committed 64256K, reserved 1114112K
  class space    used 7734K, committed 8320K, reserved 1048576K
}
Event: 32.271 GC heap after
{Heap after GC invocations=69 (full 3):
 PSYoungGen      total 10240K, used 1056K [0x00000000d5580000, 0x00000000d6100000, 0x0000000100000000)
  eden space 8704K, 0% used [0x00000000d5580000,0x00000000d5580000,0x00000000d5e00000)
  from space 1536K, 68% used [0x00000000d5f80000,0x00000000d6088000,0x00000000d6100000)
  to   space 1536K, 0% used [0x00000000d5e00000,0x00000000d5e00000,0x00000000d5f80000)
 ParOldGen       total 90112K, used 89646K [0x0000000080000000, 0x0000000085800000, 0x00000000d5580000)
  object space 90112K, 99% used [0x0000000080000000,0x000000008578b820,0x0000000085800000)
 Metaspace       used 62907K, committed 64256K, reserved 1114112K
  class space    used 7734K, committed 8320K, reserved 1048576K
}
Event: 32.326 GC heap before
{Heap before GC invocations=70 (full 3):
 PSYoungGen      total 10240K, used 9760K [0x00000000d5580000, 0x00000000d6100000, 0x0000000100000000)
  eden space 8704K, 100% used [0x00000000d5580000,0x00000000d5e00000,0x00000000d5e00000)
  from space 1536K, 68% used [0x00000000d5f80000,0x00000000d6088000,0x00000000d6100000)
  to   space 1536K, 0% used [0x00000000d5e00000,0x00000000d5e00000,0x00000000d5f80000)
 ParOldGen       total 90112K, used 89646K [0x0000000080000000, 0x0000000085800000, 0x00000000d5580000)
  object space 90112K, 99% used [0x0000000080000000,0x000000008578b820,0x0000000085800000)
 Metaspace       used 63044K, committed 64384K, reserved 1114112K
  class space    used 7755K, committed 8320K, reserved 1048576K
}
Event: 32.329 GC heap after
{Heap after GC invocations=70 (full 3):
 PSYoungGen      total 10240K, used 1172K [0x00000000d5580000, 0x00000000d6100000, 0x0000000100000000)
  eden space 8704K, 0% used [0x00000000d5580000,0x00000000d5580000,0x00000000d5e00000)
  from space 1536K, 76% used [0x00000000d5e00000,0x00000000d5f251c8,0x00000000d5f80000)
  to   space 1536K, 0% used [0x00000000d5f80000,0x00000000d5f80000,0x00000000d6100000)
 ParOldGen       total 90624K, used 90454K [0x0000000080000000, 0x0000000085880000, 0x00000000d5580000)
  object space 90624K, 99% used [0x0000000080000000,0x0000000085855820,0x0000000085880000)
 Metaspace       used 63044K, committed 64384K, reserved 1114112K
  class space    used 7755K, committed 8320K, reserved 1048576K
}

Dll operation events (14 events):
Event: 0.010 Loaded shared library c:\Users\DELL\.vscode\extensions\redhat.java-1.44.0-win32-x64\jre\21.0.8-win32-x86_64\bin\java.dll
Event: 0.105 Loaded shared library c:\Users\DELL\.vscode\extensions\redhat.java-1.44.0-win32-x64\jre\21.0.8-win32-x86_64\bin\zip.dll
Event: 0.130 Loaded shared library C:\Users\DELL\.vscode\extensions\redhat.java-1.44.0-win32-x64\jre\21.0.8-win32-x86_64\bin\instrument.dll
Event: 0.135 Loaded shared library C:\Users\DELL\.vscode\extensions\redhat.java-1.44.0-win32-x64\jre\21.0.8-win32-x86_64\bin\net.dll
Event: 0.138 Loaded shared library C:\Users\DELL\.vscode\extensions\redhat.java-1.44.0-win32-x64\jre\21.0.8-win32-x86_64\bin\nio.dll
Event: 0.142 Loaded shared library C:\Users\DELL\.vscode\extensions\redhat.java-1.44.0-win32-x64\jre\21.0.8-win32-x86_64\bin\zip.dll
Event: 0.166 Loaded shared library C:\Users\DELL\.vscode\extensions\redhat.java-1.44.0-win32-x64\jre\21.0.8-win32-x86_64\bin\jimage.dll
Event: 0.278 Loaded shared library c:\Users\DELL\.vscode\extensions\redhat.java-1.44.0-win32-x64\jre\21.0.8-win32-x86_64\bin\verify.dll
Event: 1.908 Loaded shared library C:\Users\DELL\AppData\Roaming\Code\User\globalStorage\redhat.java\1.44.0\config_win\org.eclipse.equinox.launcher\org.eclipse.equinox.launcher.win32.win32.x86_64_1.2.1400.v20250730-1736\eclipse_11913.dll
Event: 4.080 Loaded shared library C:\Users\DELL\AppData\Local\Temp\jna-2094529\jna13249024594390270325.dll
Event: 12.745 Loaded shared library C:\Users\DELL\.gradle\native\1def1411415f61bf3af743bc5b6707747c0891f09f0c88961ee8f79bc544acac\windows-amd64\native-platform.dll
Event: 24.543 Loaded shared library C:\Users\DELL\.vscode\extensions\redhat.java-1.44.0-win32-x64\jre\21.0.8-win32-x86_64\bin\management.dll
Event: 24.554 Loaded shared library C:\Users\DELL\.vscode\extensions\redhat.java-1.44.0-win32-x64\jre\21.0.8-win32-x86_64\bin\management_ext.dll
Event: 25.459 Loaded shared library C:\Users\DELL\.gradle\native\1def1411415f61bf3af743bc5b6707747c0891f09f0c88961ee8f79bc544acac\windows-amd64-min\native-platform.dll

Deoptimization events (20 events):
Event: 32.211 Thread 0x0000018f789ec560 DEOPT PACKING pc=0x0000018f5e54d28a sp=0x00000061213fe9e0
Event: 32.211 Thread 0x0000018f789ec560 DEOPT UNPACKING pc=0x0000018f64a54242 sp=0x00000061213fdf58 mode 0
Event: 32.243 Thread 0x0000018f789ec560 Uncommon trap: trap_request=0xffffff45 fr.pc=0x0000018f656d84c0 relative=0x0000000000000a00
Event: 32.243 Thread 0x0000018f789ec560 Uncommon trap: reason=unstable_if action=reinterpret pc=0x0000018f656d84c0 method=org.eclipse.jdt.internal.compiler.parser.Scanner.internalScanIdentifierOrKeyword(II[C)Lorg/eclipse/jdt/internal/compiler/parser/TerminalToken; @ 117 c2
Event: 32.243 Thread 0x0000018f789ec560 DEOPT PACKING pc=0x0000018f656d84c0 sp=0x00000061213feca0
Event: 32.243 Thread 0x0000018f789ec560 DEOPT UNPACKING pc=0x0000018f64a53aa2 sp=0x00000061213fec38 mode 2
Event: 32.244 Thread 0x0000018f789ec560 DEOPT PACKING pc=0x0000018f5e54d781 sp=0x00000061213fe9e0
Event: 32.244 Thread 0x0000018f789ec560 DEOPT UNPACKING pc=0x0000018f64a54242 sp=0x00000061213fdf58 mode 0
Event: 32.274 Thread 0x0000018f789ec560 DEOPT PACKING pc=0x0000018f5e54d28a sp=0x00000061213fe9e0
Event: 32.274 Thread 0x0000018f789ec560 DEOPT UNPACKING pc=0x0000018f64a54242 sp=0x00000061213fdf58 mode 0
Event: 32.295 Thread 0x0000018f789ec560 DEOPT PACKING pc=0x0000018f5e54d28a sp=0x00000061213fe9e0
Event: 32.295 Thread 0x0000018f789ec560 DEOPT UNPACKING pc=0x0000018f64a54242 sp=0x00000061213fdf58 mode 0
Event: 32.301 Thread 0x0000018f789ec560 Uncommon trap: trap_request=0xffffff45 fr.pc=0x0000018f656cb254 relative=0x00000000000072b4
Event: 32.301 Thread 0x0000018f789ec560 Uncommon trap: reason=unstable_if action=reinterpret pc=0x0000018f656cb254 method=org.eclipse.jdt.internal.compiler.classfmt.ClassFileReader.isLocal()Z @ 30 c2
Event: 32.301 Thread 0x0000018f789ec560 DEOPT PACKING pc=0x0000018f656cb254 sp=0x00000061213feb90
Event: 32.301 Thread 0x0000018f789ec560 DEOPT UNPACKING pc=0x0000018f64a53aa2 sp=0x00000061213fea88 mode 2
Event: 32.301 Thread 0x0000018f789ec560 Uncommon trap: trap_request=0xffffff45 fr.pc=0x0000018f65652b30 relative=0x0000000000001130
Event: 32.301 Thread 0x0000018f789ec560 Uncommon trap: reason=unstable_if action=reinterpret pc=0x0000018f65652b30 method=org.eclipse.jdt.internal.core.search.matching.MethodDeclarationPattern.encodeExtraFlags(I)I @ 17 c2
Event: 32.301 Thread 0x0000018f789ec560 DEOPT PACKING pc=0x0000018f65652b30 sp=0x00000061213fe980
Event: 32.301 Thread 0x0000018f789ec560 DEOPT UNPACKING pc=0x0000018f64a53aa2 sp=0x00000061213fe880 mode 2

Classes loaded (20 events):
Event: 31.452 Loading class java/io/ObjectOutputStream$BlockDataOutputStream
Event: 31.453 Loading class java/io/ObjectOutputStream$BlockDataOutputStream done
Event: 31.453 Loading class java/io/ObjectOutputStream$HandleTable
Event: 31.454 Loading class java/io/ObjectOutputStream$HandleTable done
Event: 31.454 Loading class java/io/ObjectOutputStream$ReplaceTable
Event: 31.454 Loading class java/io/ObjectOutputStream$ReplaceTable done
Event: 31.758 Loading class sun/nio/cs/ISO_8859_1$Encoder
Event: 31.759 Loading class sun/nio/cs/ISO_8859_1$Encoder done
Event: 31.759 Loading class sun/nio/cs/Surrogate$Parser
Event: 31.760 Loading class sun/nio/cs/Surrogate$Parser done
Event: 31.760 Loading class sun/nio/cs/Surrogate
Event: 31.760 Loading class sun/nio/cs/Surrogate done
Event: 31.847 Loading class java/util/PriorityQueue
Event: 31.850 Loading class java/util/PriorityQueue done
Event: 32.129 Loading class java/util/OptionalInt
Event: 32.129 Loading class java/util/OptionalInt done
Event: 32.129 Loading class java/util/OptionalLong
Event: 32.129 Loading class java/util/OptionalLong done
Event: 32.129 Loading class java/util/OptionalDouble
Event: 32.130 Loading class java/util/OptionalDouble done

Classes unloaded (13 events):
Event: 4.998 Thread 0x0000018f70e44d70 Unloading class 0x0000018f011a6800 'java/lang/invoke/LambdaForm$MH+0x0000018f011a6800'
Event: 4.998 Thread 0x0000018f70e44d70 Unloading class 0x0000018f011a6400 'java/lang/invoke/LambdaForm$MH+0x0000018f011a6400'
Event: 4.998 Thread 0x0000018f70e44d70 Unloading class 0x0000018f011a6000 'java/lang/invoke/LambdaForm$MH+0x0000018f011a6000'
Event: 4.998 Thread 0x0000018f70e44d70 Unloading class 0x0000018f011a5c00 'java/lang/invoke/LambdaForm$MH+0x0000018f011a5c00'
Event: 4.998 Thread 0x0000018f70e44d70 Unloading class 0x0000018f011a5800 'java/lang/invoke/LambdaForm$BMH+0x0000018f011a5800'
Event: 4.998 Thread 0x0000018f70e44d70 Unloading class 0x0000018f011a5400 'java/lang/invoke/LambdaForm$DMH+0x0000018f011a5400'
Event: 4.998 Thread 0x0000018f70e44d70 Unloading class 0x0000018f011a4000 'java/lang/invoke/LambdaForm$DMH+0x0000018f011a4000'
Event: 6.691 Thread 0x0000018f70e44d70 Unloading class 0x0000018f01329c00 'java/lang/invoke/LambdaForm$MH+0x0000018f01329c00'
Event: 6.691 Thread 0x0000018f70e44d70 Unloading class 0x0000018f01329400 'java/lang/invoke/LambdaForm$MH+0x0000018f01329400'
Event: 6.691 Thread 0x0000018f70e44d70 Unloading class 0x0000018f01328800 'java/lang/invoke/LambdaForm$MH+0x0000018f01328800'
Event: 6.691 Thread 0x0000018f70e44d70 Unloading class 0x0000018f01328000 'java/lang/invoke/LambdaForm$MH+0x0000018f01328000'
Event: 6.691 Thread 0x0000018f70e44d70 Unloading class 0x0000018f01323c00 'java/lang/invoke/LambdaForm$MH+0x0000018f01323c00'
Event: 6.691 Thread 0x0000018f70e44d70 Unloading class 0x0000018f01323400 'java/lang/invoke/LambdaForm$MH+0x0000018f01323400'

Classes redefined (0 events):
No events

Internal exceptions (20 events):
Event: 25.678 Thread 0x0000018f789e76a0 Exception <a 'sun/nio/fs/WindowsException'{0x00000000d56c5e28}> (0x00000000d56c5e28) 
thrown [s\src\hotspot\share\prims\jni.cpp, line 520]
Event: 25.679 Thread 0x0000018f789e76a0 Exception <a 'sun/nio/fs/WindowsException'{0x00000000d56cbc70}> (0x00000000d56cbc70) 
thrown [s\src\hotspot\share\prims\jni.cpp, line 520]
Event: 25.679 Thread 0x0000018f789e76a0 Exception <a 'sun/nio/fs/WindowsException'{0x00000000d56cc350}> (0x00000000d56cc350) 
thrown [s\src\hotspot\share\prims\jni.cpp, line 520]
Event: 25.679 Thread 0x0000018f789e76a0 Exception <a 'sun/nio/fs/WindowsException'{0x00000000d56cca30}> (0x00000000d56cca30) 
thrown [s\src\hotspot\share\prims\jni.cpp, line 520]
Event: 25.679 Thread 0x0000018f789e76a0 Exception <a 'sun/nio/fs/WindowsException'{0x00000000d56cd128}> (0x00000000d56cd128) 
thrown [s\src\hotspot\share\prims\jni.cpp, line 520]
Event: 25.680 Thread 0x0000018f789e76a0 Exception <a 'sun/nio/fs/WindowsException'{0x00000000d56d2708}> (0x00000000d56d2708) 
thrown [s\src\hotspot\share\prims\jni.cpp, line 520]
Event: 25.680 Thread 0x0000018f789e76a0 Exception <a 'sun/nio/fs/WindowsException'{0x00000000d56d2d88}> (0x00000000d56d2d88) 
thrown [s\src\hotspot\share\prims\jni.cpp, line 520]
Event: 25.680 Thread 0x0000018f789e76a0 Exception <a 'sun/nio/fs/WindowsException'{0x00000000d56d3408}> (0x00000000d56d3408) 
thrown [s\src\hotspot\share\prims\jni.cpp, line 520]
Event: 25.680 Thread 0x0000018f789e76a0 Exception <a 'sun/nio/fs/WindowsException'{0x00000000d56d3aa0}> (0x00000000d56d3aa0) 
thrown [s\src\hotspot\share\prims\jni.cpp, line 520]
Event: 25.681 Thread 0x0000018f789e76a0 Exception <a 'sun/nio/fs/WindowsException'{0x00000000d56d9858}> (0x00000000d56d9858) 
thrown [s\src\hotspot\share\prims\jni.cpp, line 520]
Event: 25.681 Thread 0x0000018f789e76a0 Exception <a 'sun/nio/fs/WindowsException'{0x00000000d56d9eb8}> (0x00000000d56d9eb8) 
thrown [s\src\hotspot\share\prims\jni.cpp, line 520]
Event: 25.681 Thread 0x0000018f789e76a0 Exception <a 'sun/nio/fs/WindowsException'{0x00000000d56da518}> (0x00000000d56da518) 
thrown [s\src\hotspot\share\prims\jni.cpp, line 520]
Event: 25.681 Thread 0x0000018f789e76a0 Exception <a 'sun/nio/fs/WindowsException'{0x00000000d56dab98}> (0x00000000d56dab98) 
thrown [s\src\hotspot\share\prims\jni.cpp, line 520]
Event: 25.682 Thread 0x0000018f789e76a0 Exception <a 'sun/nio/fs/WindowsException'{0x00000000d56dffe8}> (0x00000000d56dffe8) 
thrown [s\src\hotspot\share\prims\jni.cpp, line 520]
Event: 25.682 Thread 0x0000018f789e76a0 Exception <a 'sun/nio/fs/WindowsException'{0x00000000d56e0648}> (0x00000000d56e0648) 
thrown [s\src\hotspot\share\prims\jni.cpp, line 520]
Event: 25.682 Thread 0x0000018f789e76a0 Exception <a 'sun/nio/fs/WindowsException'{0x00000000d56e0ca8}> (0x00000000d56e0ca8) 
thrown [s\src\hotspot\share\prims\jni.cpp, line 520]
Event: 25.682 Thread 0x0000018f789e76a0 Exception <a 'sun/nio/fs/WindowsException'{0x00000000d56e1328}> (0x00000000d56e1328) 
thrown [s\src\hotspot\share\prims\jni.cpp, line 520]
Event: 27.734 Thread 0x0000018f789ec560 Implicit null exception at 0x0000018f656226a8 to 0x0000018f656262dc
Event: 30.632 Thread 0x0000018f789ec560 Implicit null exception at 0x0000018f656712b4 to 0x0000018f6567571c
Event: 31.628 Thread 0x0000018f5a46bd90 Implicit null exception at 0x0000018f654b98af to 0x0000018f654b9bda

ZGC Phase Switch (0 events):
No events

VM Operations (20 events):
Event: 31.479 Executing VM operation: ParallelGCFailedAllocation (Allocation Failure)
Event: 31.484 Executing VM operation: ParallelGCFailedAllocation (Allocation Failure) done
Event: 31.562 Executing VM operation: ParallelGCFailedAllocation (Allocation Failure)
Event: 31.566 Executing VM operation: ParallelGCFailedAllocation (Allocation Failure) done
Event: 31.647 Executing VM operation: ParallelGCFailedAllocation (Allocation Failure)
Event: 31.653 Executing VM operation: ParallelGCFailedAllocation (Allocation Failure) done
Event: 31.724 Executing VM operation: ParallelGCFailedAllocation (Allocation Failure)
Event: 31.736 Executing VM operation: ParallelGCFailedAllocation (Allocation Failure) done
Event: 31.890 Executing VM operation: ParallelGCFailedAllocation (Allocation Failure)
Event: 31.896 Executing VM operation: ParallelGCFailedAllocation (Allocation Failure) done
Event: 32.008 Executing VM operation: ParallelGCFailedAllocation (Allocation Failure)
Event: 32.017 Executing VM operation: ParallelGCFailedAllocation (Allocation Failure) done
Event: 32.113 Executing VM operation: ParallelGCFailedAllocation (Allocation Failure)
Event: 32.118 Executing VM operation: ParallelGCFailedAllocation (Allocation Failure) done
Event: 32.194 Executing VM operation: ParallelGCFailedAllocation (Allocation Failure)
Event: 32.198 Executing VM operation: ParallelGCFailedAllocation (Allocation Failure) done
Event: 32.267 Executing VM operation: ParallelGCFailedAllocation (Allocation Failure)
Event: 32.271 Executing VM operation: ParallelGCFailedAllocation (Allocation Failure) done
Event: 32.325 Executing VM operation: ParallelGCFailedAllocation (Allocation Failure)
Event: 32.329 Executing VM operation: ParallelGCFailedAllocation (Allocation Failure) done

Memory protections (0 events):
No events

Nmethod flushes (20 events):
Event: 29.955 Thread 0x0000018f70e44d70 flushing  nmethod 0x0000018f5df55490
Event: 29.955 Thread 0x0000018f70e44d70 flushing  nmethod 0x0000018f5df55d10
Event: 29.955 Thread 0x0000018f70e44d70 flushing  nmethod 0x0000018f5df56090
Event: 29.955 Thread 0x0000018f70e44d70 flushing  nmethod 0x0000018f5df57b10
Event: 29.955 Thread 0x0000018f70e44d70 flushing  nmethod 0x0000018f5df65a90
Event: 29.955 Thread 0x0000018f70e44d70 flushing  nmethod 0x0000018f5df6a010
Event: 29.955 Thread 0x0000018f70e44d70 flushing  nmethod 0x0000018f5df8f910
Event: 29.955 Thread 0x0000018f70e44d70 flushing  nmethod 0x0000018f5dfa2710
Event: 29.955 Thread 0x0000018f70e44d70 flushing  nmethod 0x0000018f5dfb9410
Event: 29.955 Thread 0x0000018f70e44d70 flushing  nmethod 0x0000018f5dfdc710
Event: 29.955 Thread 0x0000018f70e44d70 flushing  nmethod 0x0000018f5dfe7a90
Event: 29.955 Thread 0x0000018f70e44d70 flushing  nmethod 0x0000018f5dff2d90
Event: 29.955 Thread 0x0000018f70e44d70 flushing  nmethod 0x0000018f5dff4890
Event: 29.955 Thread 0x0000018f70e44d70 flushing  nmethod 0x0000018f5dff5290
Event: 29.955 Thread 0x0000018f70e44d70 flushing  nmethod 0x0000018f5dff5710
Event: 29.955 Thread 0x0000018f70e44d70 flushing  nmethod 0x0000018f5dff6010
Event: 29.955 Thread 0x0000018f70e44d70 flushing  nmethod 0x0000018f5dff7910
Event: 29.955 Thread 0x0000018f70e44d70 flushing  nmethod 0x0000018f5dff8d90
Event: 29.955 Thread 0x0000018f70e44d70 flushing  nmethod 0x0000018f5dffb510
Event: 29.955 Thread 0x0000018f70e44d70 flushing  nmethod 0x0000018f5e004a10

Events (20 events):
Event: 30.634 Thread 0x0000018f7d8ef1d0 Thread added: 0x0000018f7d8edd60
Event: 31.128 Thread 0x0000018f7d792880 Thread exited: 0x0000018f7d792880
Event: 31.142 Thread 0x0000018f789e76a0 Thread added: 0x0000018f7d78d9c0
Event: 31.146 Thread 0x0000018f789e76a0 Thread added: 0x0000018f7d792880
Event: 31.185 Thread 0x0000018f7d792880 Thread exited: 0x0000018f7d792880
Event: 31.188 Thread 0x0000018f789e76a0 Thread added: 0x0000018f7d7914d0
Event: 31.312 Thread 0x0000018f789e76a0 Thread added: 0x0000018f7d78fa90
Event: 31.315 Thread 0x0000018f789e76a0 Thread added: 0x0000018f7d792880
Event: 31.339 Thread 0x0000018f7d7ae3c0 Thread exited: 0x0000018f7d7ae3c0
Event: 31.343 Thread 0x0000018f789e90e0 Thread added: 0x0000018f7d792f10
Event: 31.344 Thread 0x0000018f7d792880 Thread exited: 0x0000018f7d792880
Event: 31.348 Thread 0x0000018f789e76a0 Thread added: 0x0000018f7d78e6e0
Event: 31.355 Thread 0x0000018f789e76a0 Thread added: 0x0000018f7d790e40
Event: 31.532 Thread 0x0000018f7939b320 Thread added: 0x0000018f7d8ec8f0
Event: 31.601 Thread 0x0000018f5a476e20 Thread added: 0x0000018f7d8ef8a0
Event: 31.605 Thread 0x0000018f7d8ef8a0 Thread added: 0x0000018f7d8ee430
Event: 31.625 Thread 0x0000018f5a476e20 Thread added: 0x0000018f7d8eeb00
Event: 31.633 Thread 0x0000018f7939b320 Thread added: 0x0000018f7d8ecfc0
Event: 31.669 Thread 0x0000018f7939b320 Thread added: 0x0000018f7939ac50
Event: 31.670 Thread 0x0000018f7939b320 Thread added: 0x0000018f7939b9f0


Dynamic libraries:
0x00007ff7af0f0000 - 0x00007ff7af0fe000 	c:\Users\DELL\.vscode\extensions\redhat.java-1.44.0-win32-x64\jre\21.0.8-win32-x86_64\bin\java.exe
0x00007ffc9f4b0000 - 0x00007ffc9f6c7000 	C:\WINDOWS\SYSTEM32\ntdll.dll
0x00007ffc9d970000 - 0x00007ffc9da34000 	C:\WINDOWS\System32\KERNEL32.DLL
0x00007ffc9ccc0000 - 0x00007ffc9d092000 	C:\WINDOWS\System32\KERNELBASE.dll
0x00007ffc9c930000 - 0x00007ffc9ca41000 	C:\WINDOWS\System32\ucrtbase.dll
0x00007ffc59e90000 - 0x00007ffc59eae000 	c:\Users\DELL\.vscode\extensions\redhat.java-1.44.0-win32-x64\jre\21.0.8-win32-x86_64\bin\VCRUNTIME140.dll
0x00007ffc5c5d0000 - 0x00007ffc5c5e8000 	c:\Users\DELL\.vscode\extensions\redhat.java-1.44.0-win32-x64\jre\21.0.8-win32-x86_64\bin\jli.dll
0x00007ffc9d4f0000 - 0x00007ffc9d6a1000 	C:\WINDOWS\System32\USER32.dll
0x00007ffc9c660000 - 0x00007ffc9c686000 	C:\WINDOWS\System32\win32u.dll
0x00007ffc8d590000 - 0x00007ffc8d82b000 	C:\WINDOWS\WinSxS\amd64_microsoft.windows.common-controls_6595b64144ccf1df_6.0.22621.5697_none_27154c497380d676\COMCTL32.dll
0x00007ffc9ee30000 - 0x00007ffc9ee59000 	C:\WINDOWS\System32\GDI32.dll
0x00007ffc9f3c0000 - 0x00007ffc9f467000 	C:\WINDOWS\System32\msvcrt.dll
0x00007ffc9c7d0000 - 0x00007ffc9c8f3000 	C:\WINDOWS\System32\gdi32full.dll
0x00007ffc9d0a0000 - 0x00007ffc9d13a000 	C:\WINDOWS\System32\msvcp_win.dll
0x00007ffc9dd90000 - 0x00007ffc9ddc1000 	C:\WINDOWS\System32\IMM32.DLL
0x00007ffc91830000 - 0x00007ffc9183c000 	c:\Users\DELL\.vscode\extensions\redhat.java-1.44.0-win32-x64\jre\21.0.8-win32-x86_64\bin\vcruntime140_1.dll
0x00007ffc4b2a0000 - 0x00007ffc4b32d000 	c:\Users\DELL\.vscode\extensions\redhat.java-1.44.0-win32-x64\jre\21.0.8-win32-x86_64\bin\msvcp140.dll
0x00007ffbfefd0000 - 0x00007ffbffd67000 	c:\Users\DELL\.vscode\extensions\redhat.java-1.44.0-win32-x64\jre\21.0.8-win32-x86_64\bin\server\jvm.dll
0x00007ffc9df10000 - 0x00007ffc9dfc1000 	C:\WINDOWS\System32\ADVAPI32.dll
0x00007ffc9de50000 - 0x00007ffc9def8000 	C:\WINDOWS\System32\sechost.dll
0x00007ffc9c900000 - 0x00007ffc9c928000 	C:\WINDOWS\System32\bcrypt.dll
0x00007ffc9e220000 - 0x00007ffc9e337000 	C:\WINDOWS\System32\RPCRT4.dll
0x00007ffc9e1a0000 - 0x00007ffc9e211000 	C:\WINDOWS\System32\WS2_32.dll
0x00007ffc9c3c0000 - 0x00007ffc9c40d000 	C:\WINDOWS\SYSTEM32\POWRPROF.dll
0x00007ffc98f90000 - 0x00007ffc98fc4000 	C:\WINDOWS\SYSTEM32\WINMM.dll
0x00007ffc81e80000 - 0x00007ffc81e8a000 	C:\WINDOWS\SYSTEM32\VERSION.dll
0x00007ffc9c2a0000 - 0x00007ffc9c2b3000 	C:\WINDOWS\SYSTEM32\UMPDC.dll
0x00007ffc9b540000 - 0x00007ffc9b558000 	C:\WINDOWS\SYSTEM32\kernel.appcore.dll
0x00007ffc8fcf0000 - 0x00007ffc8fcfa000 	c:\Users\DELL\.vscode\extensions\redhat.java-1.44.0-win32-x64\jre\21.0.8-win32-x86_64\bin\jimage.dll
0x00007ffc9a000000 - 0x00007ffc9a233000 	C:\WINDOWS\SYSTEM32\DBGHELP.DLL
0x00007ffc9d150000 - 0x00007ffc9d4e2000 	C:\WINDOWS\System32\combase.dll
0x00007ffc9dba0000 - 0x00007ffc9dc78000 	C:\WINDOWS\System32\OLEAUT32.dll
0x00007ffc7fd30000 - 0x00007ffc7fd62000 	C:\WINDOWS\SYSTEM32\dbgcore.DLL
0x00007ffc9cc40000 - 0x00007ffc9ccbb000 	C:\WINDOWS\System32\bcryptPrimitives.dll
0x00007ffc69d20000 - 0x00007ffc69d2f000 	c:\Users\DELL\.vscode\extensions\redhat.java-1.44.0-win32-x64\jre\21.0.8-win32-x86_64\bin\instrument.dll
0x00007ffc59dd0000 - 0x00007ffc59def000 	c:\Users\DELL\.vscode\extensions\redhat.java-1.44.0-win32-x64\jre\21.0.8-win32-x86_64\bin\java.dll
0x00007ffc9e580000 - 0x00007ffc9ee21000 	C:\WINDOWS\System32\SHELL32.dll
0x00007ffc9c690000 - 0x00007ffc9c7cf000 	C:\WINDOWS\System32\wintypes.dll
0x00007ffc9a430000 - 0x00007ffc9ad4a000 	C:\WINDOWS\SYSTEM32\windows.storage.dll
0x00007ffc9e450000 - 0x00007ffc9e55b000 	C:\WINDOWS\System32\SHCORE.dll
0x00007ffc9f350000 - 0x00007ffc9f3b9000 	C:\WINDOWS\System32\shlwapi.dll
0x00007ffc9c4d0000 - 0x00007ffc9c4fb000 	C:\WINDOWS\SYSTEM32\profapi.dll
0x00007ffc59db0000 - 0x00007ffc59dc8000 	c:\Users\DELL\.vscode\extensions\redhat.java-1.44.0-win32-x64\jre\21.0.8-win32-x86_64\bin\zip.dll
0x00007ffc8fa20000 - 0x00007ffc8fa30000 	C:\Users\DELL\.vscode\extensions\redhat.java-1.44.0-win32-x64\jre\21.0.8-win32-x86_64\bin\net.dll
0x00007ffc98bc0000 - 0x00007ffc98cec000 	C:\WINDOWS\SYSTEM32\WINHTTP.dll
0x00007ffc9ba00000 - 0x00007ffc9ba69000 	C:\WINDOWS\system32\mswsock.dll
0x00007ffc59d90000 - 0x00007ffc59da6000 	C:\Users\DELL\.vscode\extensions\redhat.java-1.44.0-win32-x64\jre\21.0.8-win32-x86_64\bin\nio.dll
0x00007ffc68440000 - 0x00007ffc68450000 	c:\Users\DELL\.vscode\extensions\redhat.java-1.44.0-win32-x64\jre\21.0.8-win32-x86_64\bin\verify.dll
0x00007ffc4b060000 - 0x00007ffc4b0a5000 	C:\Users\DELL\AppData\Roaming\Code\User\globalStorage\redhat.java\1.44.0\config_win\org.eclipse.equinox.launcher\org.eclipse.equinox.launcher.win32.win32.x86_64_1.2.1400.v20250730-1736\eclipse_11913.dll
0x00007ffc9d7d0000 - 0x00007ffc9d970000 	C:\WINDOWS\System32\ole32.dll
0x00007ffc9bd50000 - 0x00007ffc9bd6b000 	C:\WINDOWS\SYSTEM32\CRYPTSP.dll
0x00007ffc9b4a0000 - 0x00007ffc9b4d7000 	C:\WINDOWS\system32\rsaenh.dll
0x00007ffc9baa0000 - 0x00007ffc9bac8000 	C:\WINDOWS\SYSTEM32\USERENV.dll
0x00007ffc9bd30000 - 0x00007ffc9bd3c000 	C:\WINDOWS\SYSTEM32\CRYPTBASE.dll
0x00007ffc9afa0000 - 0x00007ffc9afcd000 	C:\WINDOWS\SYSTEM32\IPHLPAPI.DLL
0x00007ffc9df00000 - 0x00007ffc9df09000 	C:\WINDOWS\System32\NSI.dll
0x00007ffc88ac0000 - 0x00007ffc88b09000 	C:\Users\DELL\AppData\Local\Temp\jna-2094529\jna13249024594390270325.dll
0x00007ffc9f2e0000 - 0x00007ffc9f2e8000 	C:\WINDOWS\System32\PSAPI.DLL
0x00007ffc979b0000 - 0x00007ffc979c9000 	C:\WINDOWS\SYSTEM32\dhcpcsvc6.DLL
0x00007ffc97920000 - 0x00007ffc9793f000 	C:\WINDOWS\SYSTEM32\dhcpcsvc.DLL
0x00007ffc8fbd0000 - 0x00007ffc8fbf7000 	C:\Users\DELL\.gradle\native\1def1411415f61bf3af743bc5b6707747c0891f09f0c88961ee8f79bc544acac\windows-amd64\native-platform.dll
0x00007ffc8ec20000 - 0x00007ffc8ec2a000 	C:\Users\DELL\.vscode\extensions\redhat.java-1.44.0-win32-x64\jre\21.0.8-win32-x86_64\bin\management.dll
0x00007ffc8e5f0000 - 0x00007ffc8e5fb000 	C:\Users\DELL\.vscode\extensions\redhat.java-1.44.0-win32-x64\jre\21.0.8-win32-x86_64\bin\management_ext.dll
0x00007ffc8c360000 - 0x00007ffc8c387000 	C:\Users\DELL\.gradle\native\1def1411415f61bf3af743bc5b6707747c0891f09f0c88961ee8f79bc544acac\windows-amd64-min\native-platform.dll

JVMTI agents:
c:\Users\DELL\.vscode\extensions\redhat.java-1.44.0-win32-x64\lombok\lombok-1.18.39-4050.jar path:c:\Users\DELL\.vscode\extensions\redhat.java-1.44.0-win32-x64\jre\21.0.8-win32-x86_64\bin\instrument.dll, loaded, initialized, instrumentlib options:none

dbghelp: loaded successfully - version: 4.0.5 - missing functions: none
symbol engine: initialized successfully - sym options: 0x614 - pdb path: .;c:\Users\DELL\.vscode\extensions\redhat.java-1.44.0-win32-x64\jre\21.0.8-win32-x86_64\bin;C:\WINDOWS\SYSTEM32;C:\WINDOWS\WinSxS\amd64_microsoft.windows.common-controls_6595b64144ccf1df_6.0.22621.5697_none_27154c497380d676;c:\Users\DELL\.vscode\extensions\redhat.java-1.44.0-win32-x64\jre\21.0.8-win32-x86_64\bin\server;C:\Users\DELL\AppData\Roaming\Code\User\globalStorage\redhat.java\1.44.0\config_win\org.eclipse.equinox.launcher\org.eclipse.equinox.launcher.win32.win32.x86_64_1.2.1400.v20250730-1736;C:\Users\DELL\AppData\Local\Temp\jna-2094529;C:\Users\DELL\.gradle\native\1def1411415f61bf3af743bc5b6707747c0891f09f0c88961ee8f79bc544acac\windows-amd64;C:\Users\DELL\.gradle\native\1def1411415f61bf3af743bc5b6707747c0891f09f0c88961ee8f79bc544acac\windows-amd64-min

VM Arguments:
jvm_args: --add-modules=ALL-SYSTEM --add-opens=java.base/java.util=ALL-UNNAMED --add-opens=java.base/java.lang=ALL-UNNAMED --add-opens=java.base/sun.nio.fs=ALL-UNNAMED -Declipse.application=org.eclipse.jdt.ls.core.id1 -Dosgi.bundles.defaultStartLevel=4 -Declipse.product=org.eclipse.jdt.ls.core.product -Djava.import.generatesMetadataFilesAtProjectRoot=false -DDetectVMInstallationsJob.disabled=true -Dfile.encoding=utf8 -XX:+UseParallelGC -XX:GCTimeRatio=4 -XX:AdaptiveSizePolicyWeight=90 -Dsun.zip.disableMemoryMapping=true -Xmx2G -Xms100m -Xlog:disable -javaagent:c:\Users\DELL\.vscode\extensions\redhat.java-1.44.0-win32-x64\lombok\lombok-1.18.39-4050.jar -XX:+HeapDumpOnOutOfMemoryError -XX:HeapDumpPath=c:\Users\DELL\AppData\Roaming\Code\User\workspaceStorage\7ed7fe07ea53f014faa6642c26caba64\redhat.java -Daether.dependencyCollector.impl=bf 
java_command: c:\Users\DELL\.vscode\extensions\redhat.java-1.44.0-win32-x64\server\plugins\org.eclipse.equinox.launcher_1.7.0.v20250519-0528.jar -configuration c:\Users\DELL\AppData\Roaming\Code\User\globalStorage\redhat.java\1.44.0\config_win -data c:\Users\DELL\AppData\Roaming\Code\User\workspaceStorage\7ed7fe07ea53f014faa6642c26caba64\redhat.java\jdt_ws --pipe=\\.\pipe\lsp-c6cd5034269a1e9490e745476bfda72c-sock
java_class_path (initial): c:\Users\DELL\.vscode\extensions\redhat.java-1.44.0-win32-x64\server\plugins\org.eclipse.equinox.launcher_1.7.0.v20250519-0528.jar
Launcher Type: SUN_STANDARD

[Global flags]
    uintx AdaptiveSizePolicyWeight                 = 90                                        {product} {command line}
     intx CICompilerCount                          = 12                                        {product} {ergonomic}
    uintx GCTimeRatio                              = 4                                         {product} {command line}
     bool HeapDumpOnOutOfMemoryError               = true                                   {manageable} {command line}
    ccstr HeapDumpPath                             = c:\Users\DELL\AppData\Roaming\Code\User\workspaceStorage\7ed7fe07ea53f014faa6642c26caba64\redhat.java         {manageable} {command line}
   size_t InitialHeapSize                          = 104857600                                 {product} {command line}
   size_t MaxHeapSize                              = 2147483648                                {product} {command line}
   size_t MaxNewSize                               = 715653120                                 {product} {ergonomic}
   size_t MinHeapDeltaBytes                        = 524288                                    {product} {ergonomic}
   size_t MinHeapSize                              = 104857600                                 {product} {command line}
   size_t NewSize                                  = 34603008                                  {product} {ergonomic}
    uintx NonNMethodCodeHeapSize                   = 7602480                                {pd product} {ergonomic}
    uintx NonProfiledCodeHeapSize                  = 122027880                              {pd product} {ergonomic}
   size_t OldSize                                  = 70254592                                  {product} {ergonomic}
    uintx ProfiledCodeHeapSize                     = 122027880                              {pd product} {ergonomic}
    uintx ReservedCodeCacheSize                    = 251658240                              {pd product} {ergonomic}
     bool SegmentedCodeCache                       = true                                      {product} {ergonomic}
   size_t SoftMaxHeapSize                          = 2147483648                             {manageable} {ergonomic}
     bool UseCompressedOops                        = true                           {product lp64_product} {ergonomic}
     bool UseLargePagesIndividualAllocation        = false                                  {pd product} {ergonomic}
     bool UseParallelGC                            = true                                      {product} {command line}

Logging:
Log output configuration:
 #0: stdout all=off uptime,level,tags foldmultilines=false
 #1: stderr all=off uptime,level,tags foldmultilines=false

Environment Variables:
JAVA_HOME=C:\Java\jdk1.8.0_202
PATH=C:\Program Files\Common Files\Oracle\Java\javapath;C:\Program Files\Microsoft MPI\Bin\;C:\Program Files (x86)\Common Files\Oracle\Java\java8path;C:\Program Files (x86)\Common Files\Oracle\Java\javapath;C:\WINDOWS\system32;C:\WINDOWS;C:\WINDOWS\System32\Wbem;C:\WINDOWS\System32\WindowsPowerShell\v1.0\;C:\WINDOWS\System32\OpenSSH\;C:\Program Files\Microsoft SQL Server\150\Tools\Binn\;C:\Program Files\Microsoft SQL Server\Client SDK\ODBC\170\Tools\Binn\;C:\Program Files\swipl\lib\jpl.jar;C:\Java\jdk1.8.0_202\bin;C:\hadoop\hadoop-2.6.0;C:\hadoop\hadoop-2.6.0\bin;C:\hadoop\hadoop-2.6.0\sbin;C:\Users\DELL\AppData\Local\Programs\Python\Python38\Scripts\;C:\spark\bin;C:\Program Files\Cloudflare\Cloudflare WARP\;C:\Program Files (x86)\Microsoft SQL Server\160\Tools\Binn\;C:\Program Files\Microsoft SQL Server\160\Tools\Binn\;C:\Program Files\Microsoft SQL Server\160\DTS\Binn\;C:\Program Files (x86)\Microsoft SQL Server\160\DTS\Binn\;C:\Program Files\dotnet\;C:\Program Files (x86)\Windows Kits\10\Windows Performance Toolkit\;C:\Program Files\Microsoft SQL Server\130\DTS\Binn\;C:\Program Files\Microsoft SQL Server\140\DTS\Binn\;C:\Program Files\Microsoft SQL Server\150\DTS\Binn\;C:\Program Files\nodejs\;C:\Program Files\Git\cmd;C:\Program Files\Docker\Docker\resources\bin;C:\Program Files\MySQL\MySQL Shell 8.0\bin\;C:\Users\DELL\.cargo\bin;C:\Users\DELL\AppData\Local\Programs\Python\Python38;C:\Program Files (x86)\Common Files\Oracle\Java\javapath;C:\Program Files\Microsoft MPI\Bin\;C:\WINDOWS\system32;C:\WINDOWS;C:\WINDOWS\System32\Wbem;C:\WINDOWS\System32\WindowsPowerShell\v1.0\;C:\WINDOWS\System32\OpenSSH\;C:\Program Files\Microsoft SQL Server\150\Tools\Binn\;C:\Program Files\Microsoft SQL Server\Client SDK\ODBC\170\Tools\Binn\;C:\Program Files\dotnet\;C:\Program Files (x86)\Windows Kits\10\Windows Performance Toolkit\;C:\Program Files\swipl\lib\jpl.jar;C:\Java\jdk1.8.0_202\bin;C:\hadoop\hadoop-2.6.0;C:\hadoop\hadoop-2.6.0\bin;C:\hadoop\hadoop-2.6.0\sbin;C:\Program Files\Git\cmd;C:\Users\DELL\AppData\Local\Programs\Python\Python38\Scripts\;C:\Users\DELL\AppData\Local\Programs\Python\Launcher\;C:\Users\DELL\AppData\Local\Microsoft\WindowsApps;C:\Program Files\JetBrains\IntelliJ IDEA Community Edition 2022.3\bin;C:\Program Files\JetBrains\PyCharm 2024.3.4\bin;C:\Users\DELL\.dotnet\tools;C:\Users\DELL\AppData\Local\JetBrains\Toolbox\scripts;C:\spark\bin;C:\Program Files\MongoDB\Server\8.0\bin;C:\Users\DELL\.dotnet\tools;C:\Users\DELL\AppData\Local\Programs\Microsoft VS Code\bin;C:\Users\DELL\AppData\Roaming\npm;C:\Users\DELL\AppData\Local\Microsoft\WindowsApps;
USERNAME=DELL
OS=Windows_NT
PROCESSOR_IDENTIFIER=Intel64 Family 6 Model 154 Stepping 3, GenuineIntel
TMP=C:\Users\DELL\AppData\Local\Temp
TEMP=C:\Users\DELL\AppData\Local\Temp




Periodic native trim disabled

---------------  S Y S T E M  ---------------

OS:
 Windows 11 , 64 bit Build 22621 (10.0.22621.5415)
OS uptime: 2 days 5:41 hours
Hyper-V role detected

CPU: total 16 (initial active 16) (8 cores per cpu, 2 threads per core) family 6 model 154 stepping 3 microcode 0x435, cx8, cmov, fxsr, ht, mmx, 3dnowpref, sse, sse2, sse3, ssse3, sse4.1, sse4.2, popcnt, lzcnt, tsc, tscinvbit, avx, avx2, aes, erms, clmul, bmi1, bmi2, adx, sha, fma, vzeroupper, clflush, clflushopt, clwb, hv, serialize, rdtscp, rdpid, fsrm, f16c, cet_ibt, cet_ss
Processor Information for the first 16 processors :
  Max Mhz: 1700, Current Mhz: 1700, Mhz Limit: 1700

Memory: 4k page, system-wide physical 16068M (2767M free)
TotalPageFile size 30404M (AvailPageFile size 12462M)
current process WorkingSet (physical memory assigned to process): 350M, peak: 351M
current process commit charge ("private bytes"): 442M, peak: 443M

vm_info: OpenJDK 64-Bit Server VM (21.0.8+9-LTS) for windows-amd64 JRE (21.0.8+9-LTS), built on 2025-07-15T00:00:00Z by "admin" with MS VC++ 17.7 (VS2022)

END.
